#
# A fatal error has been detected by the Java Runtime Environment:
#
#  EXCEPTION_ACCESS_VIOLATION (0xc0000005) at pc=0x5ca004cd, pid=6344, tid=9388
#
# JRE version: Java(TM) SE Runtime Environment (8.0_31-b13) (build 1.8.0_31-b13)
# Java VM: Java HotSpot(TM) Client VM (25.31-b07 mixed mode windows-x86 )
# Problematic frame:
# V  [jvm.dll+0xc04cd]
#
# Core dump written. Default location: C:\Users\Administrator\workspace\G2A_SanduskyIntegrationPlatform\hs_err_pid6344.mdmp
#
# If you would like to submit a bug report, please visit:
#   http://bugreport.java.com/bugreport/crash.jsp
#

---------------  T H R E A D  ---------------

Current thread (0x144af800):  JavaThread "JDWP Transport Listener: dt_socket" daemon [_thread_in_vm, id=9388, stack(0x01120000,0x01170000)]

siginfo: ExceptionCode=0xc0000005, reading address 0x000000ce

Registers:
EAX=0x000000ce, EBX=0x00000000, ECX=0x000000ce, EDX=0x00000000
ESP=0x0116f6e8, EBP=0x0116f6ec, ESI=0x144af800, EDI=0x001f7258
EIP=0x5ca004cd, EFLAGS=0x00010202

Top of Stack: (sp=0x0116f6e8)
0x0116f6e8:   144af800 0116f714 5cb56d64 000000ce
0x0116f6f8:   0116f7cc 0116f74f 144af800 00000000
0x0116f708:   00000000 00000000 144af800 0116f750
0x0116f718:   68559f7b 001f7258 000000ce 0116f74f
0x0116f728:   000000ce 6854436d 000000ce 0116f74f
0x0116f738:   00000024 00000000 00000000 00000001
0x0116f748:   00000000 00f67ec8 0116f770 685444e0
0x0116f758:   00000001 0116f78c 0116f7c8 14526b48 

Instructions: (pc=0x5ca004cd)
0x5ca004ad:   5d c3 52 e8 bb f7 ff ff 5d c3 cc cc cc cc cc cc
0x5ca004bd:   cc cc cc 55 8b ec 8b 45 08 85 c0 75 02 5d c3 56
0x5ca004cd:   8b 30 85 f6 74 17 83 fe 37 74 12 8b 06 8b 50 08
0x5ca004dd:   8b ce ff d2 84 c0 74 05 8b c6 5e 5d c3 33 c0 5e 


Register to memory mapping:

EAX=0x000000ce is an unknown value
EBX=0x00000000 is an unknown value
ECX=0x000000ce is an unknown value
EDX=0x00000000 is an unknown value
ESP=0x0116f6e8 is pointing into the stack for thread: 0x144af800
EBP=0x0116f6ec is pointing into the stack for thread: 0x144af800
ESI=0x144af800 is a thread
EDI=0x001f7258 is an unknown value


Stack: [0x01120000,0x01170000],  sp=0x0116f6e8,  free space=317k
Native frames: (J=compiled Java code, j=interpreted, Vv=VM code, C=native code)
V  [jvm.dll+0xc04cd]
V  [jvm.dll+0x216d64]
C  [jdwp.dll+0x19f7b]
C  [jdwp.dll+0x44e0]
C  [jdwp.dll+0x451e]
C  0x28120000


---------------  P R O C E S S  ---------------

Java Threads: ( => current thread )
  0x144e8000 JavaThread "Service Thread" daemon [_thread_blocked, id=5360, stack(0x14870000,0x148c0000)]
  0x144c1400 JavaThread "C1 CompilerThread0" daemon [_thread_blocked, id=6568, stack(0x14290000,0x142e0000)]
  0x144bbc00 JavaThread "JDWP Command Reader" daemon [_thread_in_native, id=12184, stack(0x14a20000,0x14a70000)]
  0x144bac00 JavaThread "JDWP Event Helper Thread" daemon [_thread_blocked, id=8756, stack(0x14940000,0x14990000)]
=>0x144af800 JavaThread "JDWP Transport Listener: dt_socket" daemon [_thread_in_vm, id=9388, stack(0x01120000,0x01170000)]
  0x144a1000 JavaThread "Attach Listener" daemon [_thread_blocked, id=10716, stack(0x146a0000,0x146f0000)]
  0x144a0000 JavaThread "Signal Dispatcher" daemon [_thread_blocked, id=3428, stack(0x14640000,0x14690000)]
  0x00f5cc00 JavaThread "Finalizer" daemon [_thread_blocked, id=4880, stack(0x142e0000,0x14330000)]
  0x00f57c00 JavaThread "Reference Handler" daemon [_thread_blocked, id=3008, stack(0x010c0000,0x01110000)]
  0x001fd800 JavaThread "main" [_thread_blocked, id=6316, stack(0x00da0000,0x00df0000)]

Other Threads:
  0x00f54000 VMThread [stack: 0x00e00000,0x00e50000] [id=8460]
  0x144e9c00 WatcherThread [stack: 0x14720000,0x14770000] [id=7212]

VM state:not at safepoint (normal execution)

VM Mutex/Monitor currently owned by a thread: None

Heap:
 def new generation   total 9728K, used 7747K [0x03e00000, 0x04880000, 0x09350000)
  eden space 8704K,  89% used [0x03e00000, 0x04590fe0, 0x04680000)
  from space 1024K,   0% used [0x04680000, 0x04680000, 0x04780000)
  to   space 1024K,   0% used [0x04780000, 0x04780000, 0x04880000)
 tenured generation   total 21392K, used 12834K [0x09350000, 0x0a834000, 0x13e00000)
   the space 21392K,  59% used [0x09350000, 0x09fd8a88, 0x09fd8c00, 0x0a834000)
 Metaspace       used 8570K, capacity 8682K, committed 8704K, reserved 9600K

Card table byte_map: [0x00c70000,0x00d00000] byte_map_base: 0x00c51000

Polling page: 0x001c0000

CodeCache: size=32768Kb used=2554Kb max_used=2554Kb free=30213Kb
 bounds [0x01e00000, 0x02080000, 0x03e00000]
 total_blobs=1186 nmethods=1012 adapters=113
 compilation: enabled

Compilation events (10 events):
Event: 5.009 Thread 0x144c1400 1019             com.g2dev.job.custom.ogden.migration.sugar.Name_value::setValue (6 bytes)
Event: 5.009 Thread 0x144c1400 nmethod 1019 0x0207cbc8 code [0x0207ccc0, 0x0207cd50]
Event: 5.009 Thread 0x144c1400 1020   !         sun.reflect.GeneratedMethodAccessor20::invoke (65 bytes)
Event: 5.010 Thread 0x144c1400 nmethod 1020 0x0207cd88 code [0x0207cf00, 0x0207d298]
Event: 5.010 Thread 0x144c1400 1021   !         sun.reflect.GeneratedConstructorAccessor18::newInstance (49 bytes)
Event: 5.010 Thread 0x144c1400 nmethod 1021 0x0207d708 code [0x0207d850, 0x0207db10]
Event: 5.010 Thread 0x144c1400 1022   !         sun.reflect.GeneratedMethodAccessor21::invoke (66 bytes)
Event: 5.010 Thread 0x144c1400 nmethod 1022 0x0207dd88 code [0x0207df00, 0x0207e25c]
Event: 5.010 Thread 0x144c1400 1023   !         sun.reflect.GeneratedMethodAccessor22::invoke (66 bytes)
Event: 5.010 Thread 0x144c1400 nmethod 1023 0x0207e608 code [0x0207e780, 0x0207eadc]

GC Heap History (10 events):
Event: 2.313 GC heap before
{Heap before GC invocations=9 (full 0):
 def new generation   total 4928K, used 4928K [0x03e00000, 0x04350000, 0x09350000)
  eden space 4416K, 100% used [0x03e00000, 0x04250000, 0x04250000)
  from space 512K, 100% used [0x042d0000, 0x04350000, 0x04350000)
  to   space 512K,   0% used [0x04250000, 0x04250000, 0x042d0000)
 tenured generation   total 10944K, used 7762K [0x09350000, 0x09e00000, 0x13e00000)
   the space 10944K,  70% used [0x09350000, 0x09ae4ae0, 0x09ae4c00, 0x09e00000)
 Metaspace       used 8249K, capacity 8356K, committed 8448K, reserved 8576K
Event: 2.316 GC heap after
Heap after GC invocations=10 (full 0):
 def new generation   total 4928K, used 298K [0x03e00000, 0x04350000, 0x09350000)
  eden space 4416K,   0% used [0x03e00000, 0x03e00000, 0x04250000)
  from space 512K,  58% used [0x04250000, 0x0429a8f8, 0x042d0000)
  to   space 512K,   0% used [0x042d0000, 0x042d0000, 0x04350000)
 tenured generation   total 10944K, used 8274K [0x09350000, 0x09e00000, 0x13e00000)
   the space 10944K,  75% used [0x09350000, 0x09b64918, 0x09b64a00, 0x09e00000)
 Metaspace       used 8249K, capacity 8356K, committed 8448K, reserved 8576K
}
Event: 2.931 GC heap before
{Heap before GC invocations=10 (full 0):
 def new generation   total 4928K, used 4714K [0x03e00000, 0x04350000, 0x09350000)
  eden space 4416K, 100% used [0x03e00000, 0x04250000, 0x04250000)
  from space 512K,  58% used [0x04250000, 0x0429a8f8, 0x042d0000)
  to   space 512K,   0% used [0x042d0000, 0x042d0000, 0x04350000)
 tenured generation   total 10944K, used 8274K [0x09350000, 0x09e00000, 0x13e00000)
   the space 10944K,  75% used [0x09350000, 0x09b64918, 0x09b64a00, 0x09e00000)
 Metaspace       used 8306K, capacity 8425K, committed 8448K, reserved 8576K
Event: 2.934 GC heap after
Heap after GC invocations=11 (full 0):
 def new generation   total 4928K, used 512K [0x03e00000, 0x04350000, 0x09350000)
  eden space 4416K,   0% used [0x03e00000, 0x03e00000, 0x04250000)
  from space 512K, 100% used [0x042d0000, 0x04350000, 0x04350000)
  to   space 512K,   0% used [0x04250000, 0x04250000, 0x042d0000)
 tenured generation   total 10944K, used 8618K [0x09350000, 0x09e00000, 0x13e00000)
   the space 10944K,  78% used [0x09350000, 0x09bbaab8, 0x09bbac00, 0x09e00000)
 Metaspace       used 8306K, capacity 8425K, committed 8448K, reserved 8576K
}
Event: 3.814 GC heap before
{Heap before GC invocations=11 (full 0):
 def new generation   total 4928K, used 4928K [0x03e00000, 0x04350000, 0x09350000)
  eden space 4416K, 100% used [0x03e00000, 0x04250000, 0x04250000)
  from space 512K, 100% used [0x042d0000, 0x04350000, 0x04350000)
  to   space 512K,   0% used [0x04250000, 0x04250000, 0x042d0000)
 tenured generation   total 10944K, used 8618K [0x09350000, 0x09e00000, 0x13e00000)
   the space 10944K,  78% used [0x09350000, 0x09bbaab8, 0x09bbac00, 0x09e00000)
 Metaspace       used 8387K, capacity 8507K, committed 8576K, reserved 8576K
Event: 3.817 GC heap after
Heap after GC invocations=12 (full 0):
 def new generation   total 4928K, used 512K [0x03e00000, 0x04350000, 0x09350000)
  eden space 4416K,   0% used [0x03e00000, 0x03e00000, 0x04250000)
  from space 512K, 100% used [0x04250000, 0x042d0000, 0x042d0000)
  to   space 512K,   0% used [0x042d0000, 0x042d0000, 0x04350000)
 tenured generation   total 10944K, used 9357K [0x09350000, 0x09e00000, 0x13e00000)
   the space 10944K,  85% used [0x09350000, 0x09c73640, 0x09c73800, 0x09e00000)
 Metaspace       used 8387K, capacity 8507K, committed 8576K, reserved 8576K
}
Event: 4.928 GC heap before
{Heap before GC invocations=12 (full 0):
 def new generation   total 4928K, used 4928K [0x03e00000, 0x04350000, 0x09350000)
  eden space 4416K, 100% used [0x03e00000, 0x04250000, 0x04250000)
  from space 512K, 100% used [0x04250000, 0x042d0000, 0x042d0000)
  to   space 512K,   0% used [0x042d0000, 0x042d0000, 0x04350000)
 tenured generation   total 10944K, used 9357K [0x09350000, 0x09e00000, 0x13e00000)
   the space 10944K,  85% used [0x09350000, 0x09c73640, 0x09c73800, 0x09e00000)
 Metaspace       used 8391K, capacity 8512K, committed 8576K, reserved 8576K
Event: 4.931 GC heap after
Heap after GC invocations=13 (full 0):
 def new generation   total 4928K, used 512K [0x03e00000, 0x04350000, 0x09350000)
  eden space 4416K,   0% used [0x03e00000, 0x03e00000, 0x04250000)
  from space 512K, 100% used [0x042d0000, 0x04350000, 0x04350000)
  to   space 512K,   0% used [0x04250000, 0x04250000, 0x042d0000)
 tenured generation   total 10944K, used 10865K [0x09350000, 0x09e00000, 0x13e00000)
   the space 10944K,  99% used [0x09350000, 0x09dec788, 0x09dec800, 0x09e00000)
 Metaspace       used 8391K, capacity 8512K, committed 8576K, reserved 8576K
}
Event: 4.949 GC heap before
{Heap before GC invocations=13 (full 0):
 def new generation   total 4928K, used 4928K [0x03e00000, 0x04350000, 0x09350000)
  eden space 4416K, 100% used [0x03e00000, 0x04250000, 0x04250000)
  from space 512K, 100% used [0x042d0000, 0x04350000, 0x04350000)
  to   space 512K,   0% used [0x04250000, 0x04250000, 0x042d0000)
 tenured generation   total 10944K, used 10865K [0x09350000, 0x09e00000, 0x13e00000)
   the space 10944K,  99% used [0x09350000, 0x09dec788, 0x09dec800, 0x09e00000)
 Metaspace       used 8391K, capacity 8512K, committed 8576K, reserved 8576K
Event: 4.979 GC heap after
Heap after GC invocations=14 (full 1):
 def new generation   total 9728K, used 0K [0x03e00000, 0x04880000, 0x09350000)
  eden space 8704K,   0% used [0x03e00000, 0x03e00000, 0x04680000)
  from space 1024K,   0% used [0x04680000, 0x04680000, 0x04780000)
  to   space 1024K,   0% used [0x04780000, 0x04780000, 0x04880000)
 tenured generation   total 21392K, used 12834K [0x09350000, 0x0a834000, 0x13e00000)
   the space 21392K,  59% used [0x09350000, 0x09fd8a88, 0x09fd8c00, 0x0a834000)
 Metaspace       used 8390K, capacity 8510K, committed 8576K, reserved 8576K
}

Deoptimization events (0 events):
No events

Internal exceptions (10 events):
Event: 4.057 Thread 0x001fd800 Exception <a 'java/security/PrivilegedActionException'> (0x03e81848) thrown at [C:\re\workspace\8-2-build-windows-i586-cygwin\jdk8u31\2394\hotspot\src\share\vm\prims\jvm.cpp, line 1312]
Event: 4.057 Thread 0x001fd800 Exception <a 'java/lang/NoClassDefFoundError': javax/servlet/ServletConfig> (0x03e81a50) thrown at [C:\re\workspace\8-2-build-windows-i586-cygwin\jdk8u31\2394\hotspot\src\share\vm\classfile\systemDictionary.cpp, line 191]
Event: 4.057 Thread 0x001fd800 Exception <a 'java/io/FileNotFoundException'> (0x03e84a88) thrown at [C:\re\workspace\8-2-build-windows-i586-cygwin\jdk8u31\2394\hotspot\src\share\vm\prims\jni.cpp, line 716]
Event: 4.059 Thread 0x001fd800 Exception <a 'java/lang/ClassNotFoundException': org/apache/axis/transport/http/HTTPSender> (0x03eaa6e0) thrown at [C:\re\workspace\8-2-build-windows-i586-cygwin\jdk8u31\2394\hotspot\src\share\vm\classfile\systemDictionary.cpp, line 202]
Event: 4.395 Thread 0x001fd800 Exception <a 'java/lang/ClassNotFoundException': [Ljava/lang/Object;_Helper> (0x03f96408) thrown at [C:\re\workspace\8-2-build-windows-i586-cygwin\jdk8u31\2394\hotspot\src\share\vm\prims\jni.cpp, line 742]
Event: 4.395 Thread 0x001fd800 Exception <a 'java/lang/ClassNotFoundException': [Ljava/lang/Object;_Helper> (0x03f96798) thrown at [C:\re\workspace\8-2-build-windows-i586-cygwin\jdk8u31\2394\hotspot\src\share\vm\prims\jni.cpp, line 742]
Event: 4.395 Thread 0x001fd800 Exception <a 'java/lang/ClassNotFoundException': [Ljava/lang/Object;_Helper> (0x03f96b28) thrown at [C:\re\workspace\8-2-build-windows-i586-cygwin\jdk8u31\2394\hotspot\src\share\vm\prims\jni.cpp, line 742]
Event: 4.396 Thread 0x001fd800 Exception <a 'java/security/PrivilegedActionException'> (0x03f972a8) thrown at [C:\re\workspace\8-2-build-windows-i586-cygwin\jdk8u31\2394\hotspot\src\share\vm\prims\jvm.cpp, line 1312]
Event: 4.396 Thread 0x001fd800 Exception <a 'java/security/PrivilegedActionException'> (0x03f99c30) thrown at [C:\re\workspace\8-2-build-windows-i586-cygwin\jdk8u31\2394\hotspot\src\share\vm\prims\jvm.cpp, line 1312]
Event: 2561.494 Thread 0x144af800 Exception <a 'java/security/PrivilegedActionException'> (0x0457bee8) thrown at [C:\re\workspace\8-2-build-windows-i586-cygwin\jdk8u31\2394\hotspot\src\share\vm\prims\jvm.cpp, line 1312]

Events (10 events):
Event: 2561.494 Thread 0x144af800 DEOPT PACKING pc=0x01f18554 sp=0x0116ea70
Event: 2561.494 Thread 0x144af800 DEOPT UNPACKING pc=0x01e3c35b sp=0x0116e99c mode 1
Event: 2561.500 Executing VM operation: RedefineClasses
Event: 2561.504 Executing VM operation: RedefineClasses done
Event: 4255.817 Executing VM operation: RedefineClasses
Event: 4255.820 Executing VM operation: RedefineClasses done
Event: 4261.675 Executing VM operation: ChangeBreakpoints
Event: 4261.675 Executing VM operation: ChangeBreakpoints done
Event: 4261.676 Executing VM operation: ChangeBreakpoints
Event: 4261.676 Executing VM operation: ChangeBreakpoints done


Dynamic libraries:
0x011d0000 - 0x01200000 	C:\Program Files\Java\jre1.8.0_31\bin\javaw.exe
0x77bd0000 - 0x77cf8000 	C:\Windows\system32\ntdll.dll
0x77280000 - 0x7735d000 	C:\Windows\system32\kernel32.dll
0x77b00000 - 0x77bc6000 	C:\Windows\system32\ADVAPI32.dll
0x77a30000 - 0x77af2000 	C:\Windows\system32\RPCRT4.dll
0x76500000 - 0x7659d000 	C:\Windows\system32\USER32.dll
0x77d30000 - 0x77d7c000 	C:\Windows\system32\GDI32.dll
0x74e60000 - 0x74ffe000 	C:\Windows\WinSxS\x86_microsoft.windows.common-controls_6595b64144ccf1df_6.0.6002.18305_none_5cb72f2a088b0ed3\COMCTL32.dll
0x770e0000 - 0x7718a000 	C:\Windows\system32\msvcrt.dll
0x778f0000 - 0x77949000 	C:\Windows\system32\SHLWAPI.dll
0x765a0000 - 0x765be000 	C:\Windows\system32\IMM32.DLL
0x77190000 - 0x77258000 	C:\Windows\system32\MSCTF.dll
0x77260000 - 0x77269000 	C:\Windows\system32\LPK.DLL
0x77520000 - 0x7759d000 	C:\Windows\system32\USP10.dll
0x66ee0000 - 0x66f9f000 	C:\Program Files\Java\jre1.8.0_31\bin\msvcr100.dll
0x5c940000 - 0x5cce4000 	C:\Program Files\Java\jre1.8.0_31\bin\client\jvm.dll
0x73a40000 - 0x73a47000 	C:\Windows\system32\WSOCK32.dll
0x77d00000 - 0x77d2d000 	C:\Windows\system32\WS2_32.dll
0x77270000 - 0x77276000 	C:\Windows\system32\NSI.dll
0x74750000 - 0x74782000 	C:\Windows\system32\WINMM.dll
0x76290000 - 0x763d5000 	C:\Windows\system32\ole32.dll
0x779a0000 - 0x77a2e000 	C:\Windows\system32\OLEAUT32.dll
0x745d0000 - 0x7460e000 	C:\Windows\system32\OLEACC.dll
0x76280000 - 0x76287000 	C:\Windows\system32\PSAPI.DLL
0x74570000 - 0x7457c000 	C:\Program Files\Java\jre1.8.0_31\bin\verify.dll
0x6b290000 - 0x6b2b1000 	C:\Program Files\Java\jre1.8.0_31\bin\java.dll
0x68540000 - 0x68569000 	C:\Program Files\Java\jre1.8.0_31\bin\jdwp.dll
0x742c0000 - 0x742c7000 	C:\Program Files\Java\jre1.8.0_31\bin\npt.dll
0x74400000 - 0x74413000 	C:\Program Files\Java\jre1.8.0_31\bin\zip.dll
0x765c0000 - 0x770d1000 	C:\Windows\system32\SHELL32.dll
0x76140000 - 0x7615e000 	C:\Windows\system32\USERENV.dll
0x76120000 - 0x76134000 	C:\Windows\system32\Secur32.dll
0x6fe90000 - 0x6fe98000 	C:\Program Files\Java\jre1.8.0_31\bin\dt_socket.dll
0x75530000 - 0x7553f000 	C:\Windows\system32\NLAapi.dll
0x75af0000 - 0x75b09000 	C:\Windows\system32\IPHLPAPI.DLL
0x75ab0000 - 0x75ae5000 	C:\Windows\system32\dhcpcsvc.DLL
0x75d30000 - 0x75d5c000 	C:\Windows\system32\DNSAPI.dll
0x75aa0000 - 0x75aa7000 	C:\Windows\system32\WINNSI.DLL
0x75a70000 - 0x75a92000 	C:\Windows\system32\dhcpcsvc6.DLL
0x70be0000 - 0x70bef000 	C:\Windows\system32\napinsp.dll
0x758b0000 - 0x758eb000 	C:\Windows\System32\mswsock.dll
0x70bd0000 - 0x70bd8000 	C:\Windows\System32\winrnr.dll
0x77950000 - 0x77999000 	C:\Windows\system32\WLDAP32.dll
0x70bf0000 - 0x70bf6000 	C:\Windows\system32\rasadhlp.dll
0x75540000 - 0x75545000 	C:\Windows\System32\wshtcpip.dll
0x75630000 - 0x7566b000 	C:\Windows\system32\rsaenh.dll
0x743c0000 - 0x743d5000 	C:\Program Files\Java\jre1.8.0_31\bin\net.dll
0x75910000 - 0x75915000 	C:\Windows\System32\wship6.dll
0x74430000 - 0x7443f000 	C:\Program Files\Java\jre1.8.0_31\bin\nio.dll
0x688f0000 - 0x68910000 	C:\Program Files\Java\jre1.8.0_31\bin\sunec.dll
0x74670000 - 0x7474c000 	C:\Windows\system32\DBGHELP.DLL

VM Arguments:
jvm_args: -agentlib:jdwp=transport=dt_socket,suspend=y,address=localhost:61095 -Dfile.encoding=UTF-8 
java_command: com.g2dev.job.custom.ogden.migration.workflow.P_05_MigrateLeads
java_class_path (initial): C:\Users\Administrator\workspace\G2A_SanduskyIntegrationPlatform\target\classes;C:\Users\Administrator\Documents\downloads\eclipse-jee-luna-SR1-win32\eclipse\plugins\org.apache.axis_1.4.0.v201005080400\lib\axis.jar;C:\Users\Administrator\Documents\downloads\eclipse-jee-luna-SR1-win32\eclipse\plugins\org.apache.commons.discovery_0.2.0.v201004190315\lib\commons-discovery-0.2.jar;C:\Users\Administrator\Documents\downloads\eclipse-jee-luna-SR1-win32\eclipse\plugins\javax.xml.rpc_1.1.0.v201209140446\lib\jaxrpc.jar;C:\Users\Administrator\Documents\downloads\eclipse-jee-luna-SR1-win32\eclipse\plugins\javax.xml.soap_1.2.0.v201005080501\lib\saaj.jar;C:\Users\Administrator\Documents\downloads\eclipse-jee-luna-SR1-win32\eclipse\plugins\javax.wsdl_1.6.2.v201012040545.jar;C:\Users\Administrator\Documents\downloads\eclipse-jee-luna-SR1-win32\eclipse\plugins\org.apache.commons.logging_1.1.1.v201101211721.jar;C:\Users\Administrator\.m2\repository\axis\axis\1.4\axis-1.4.jar;C:\Users\Administrator\.m2\repository\org\apache\axis\axis-jaxrpc\1.4\axis-jaxrpc-1.4.jar;C:\Users\Administrator\.m2\repository\org\apache\axis\axis-saaj\1.4\axis-saaj-1.4.jar;C:\Users\Administrator\.m2\repository\axis\axis-wsdl4j\1.5.1\axis-wsdl4j-1.5.1.jar;C:\Users\Administrator\.m2\repository\commons-logging\commons-logging\1.0.4\commons-logging-1.0.4.jar;C:\Users\Administrator\.m2\repository\commons-discovery\commons-discovery\0.2\commons-discovery-0.2.jar;C:\Users\Administrator\.m2\repository\log4j\log4j\1.2.17\log4j-1.2.17.jar;C:\Users\Administrator\.m2\repository\com\dropbox\core\dropbox-core-sdk\1.7.7\dropbox-core-sdk-1.7.7.jar;C:\Users\Administrator\.m2\repository\com\fasterxml\jackson\core\jackson-core\2.4.0-rc3\jackson-core-2.4.0-rc3.jar;C:\Users\Administrator\.m2\repository\org\json\json\20140107\json-20140107.jar;C:\Users\Administrator\.m2\repository\com\google\code\gson\gson\1.7.1\gson-1.7.1.jar;C:\Users\Administrator\.m2\repository\commons-codec\commons-codec\1.10\commo
Launcher Type: SUN_STANDARD

Environment Variables:
JAVA_HOME=C:\Program Files\Java\jre1.8.0_31
CLASSPATH=.;C:\PROGRA~1\IBM\SQLLIB\java\db2java.zip;C:\PROGRA~1\IBM\SQLLIB\java\db2jcc.jar;C:\PROGRA~1\IBM\SQLLIB\java\sqlj.zip;C:\PROGRA~1\IBM\SQLLIB\java\db2jcc_license_cu.jar;C:\PROGRA~1\IBM\SQLLIB\bin;C:\PROGRA~1\IBM\SQLLIB\java\common.jar
PATH=C:/Program Files/Java/jre1.8.0_31/bin/client;C:/Program Files/Java/jre1.8.0_31/bin;C:/Program Files/Java/jre1.8.0_31/lib/i386;C:\Program Files\Java\jre1.8.0_31\bin;c:\program files\adaptec\maxview storage manager\ssl\bin;c:\program files\adaptec\maxview storage manager\pegasus\bin;c:\program files\adaptec\maxview storage manager\;C:\Windows\system32;C:\Windows;C:\Windows\system32\wbem;C:\Windows\system32\windowspowershell\v1.0\;c:\program files\ibm\gsk8\lib;C:\PROGRA~1\ibm\gsk7\bin;C:\PROGRA~1\ibm\gsk7\lib;C:\PROGRA~1\IBM\SQLLIB\BIN;C:\PROGRA~1\IBM\SQLLIB\FUNCTION;C:\PROGRA~1\IBM\SQLLIB\SAMPLES\REPL;C:\Users\Administrator\Documents\downloads\eclipse-jee-luna-SR1-win32\eclipse;
USERNAME=Administrator
OS=Windows_NT
PROCESSOR_IDENTIFIER=x86 Family 6 Model 58 Stepping 9, GenuineIntel



---------------  S Y S T E M  ---------------

OS: Windows Server 2008 Build 6002 Service Pack 2

CPU:total 8 (4 cores per cpu, 2 threads per core) family 6 model 58 stepping 9, cmov, cx8, fxsr, mmx, sse, sse2, sse3, ssse3, sse4.1, sse4.2, popcnt, aes, clmul, erms, ht, tsc, tscinvbit, tscinv

Memory: 4k page, physical 4193372k(506564k free), swap 8649876k(2199448k free)

vm_info: Java HotSpot(TM) Client VM (25.31-b07) for windows-x86 JRE (1.8.0_31-b13), built on Dec 17 2014 20:46:12 by "java_re" with MS VC++ 10.0 (VS2010)

time: Sat Jun 13 08:50:21 2015
elapsed time: 4265 seconds (0d 1h 11m 5s)

